<?xml version="1.0" encoding="UTF-8"?>
<!-- Generated by org.testng.reporters.JUnitXMLReporter -->
<testsuite hostname="DESKTOP-LBK7DAS" ignored="0" name="Free CRM App Test Cases" tests="8" failures="0" timestamp="28 Nov 2018 14:54:36 GMT" time="106.525" errors="0">
  <testcase name="loginPageTitleTest" time="0.028" classname="com.crm.qa.testcases.LoginPageTest"/>
  <testcase name="verifyHomePageTitleTest" time="0.024" classname="com.crm.qa.testcases.HomePageTest"/>
  <testcase name="crmLogoImageTest" time="0.085" classname="com.crm.qa.testcases.LoginPageTest"/>
  <testcase name="verifyLoginUserTest" time="0.126" classname="com.crm.qa.testcases.HomePageTest"/>
  <testcase name="loginTest" time="6.044" classname="com.crm.qa.testcases.LoginPageTest"/>
  <testcase name="verifyContactsLinkTest" time="2.124" classname="com.crm.qa.testcases.HomePageTest"/>
  <testcase name="verifyDealsLinkTest" time="1.546" classname="com.crm.qa.testcases.HomePageTest"/>
  <testcase name="verifyTasksLinkTest" time="1.727" classname="com.crm.qa.testcases.HomePageTest"/>
</testsuite> <!-- Free CRM App Test Cases -->
